<?xml version="1.0" encoding="UTF-8"?>
<!-- Generated by org.testng.reporters.JUnitReportReporter -->
<testsuite hostname="LAPTOP-SD9LS61E" name="test.Demo" tests="1" failures="0" timestamp="1 May 2020 17:52:45 GMT" time="32.067" errors="0">
  <testcase name="DemoClass" time="32.067" classname="test.Demo"/>
</testsuite> <!-- test.Demo -->
